0 info it worked if it ends with ok
1 verbose cli [ '/usr/local/bin/node',
1 verbose cli   '/usr/local/bin/npm',
1 verbose cli   'owner',
1 verbose cli   'ls',
1 verbose cli   'replacemedaniel' ]
2 info using npm@1.3.24
3 info using node@v0.10.25
4 verbose url raw replacemedaniel
5 verbose url resolving [ 'http://registry.npmjs.org/', './replacemedaniel' ]
6 verbose url resolved http://registry.npmjs.org/replacemedaniel
7 info trying registry request attempt 1 at 09:08:29
8 http GET http://registry.npmjs.org/replacemedaniel
9 http 404 http://registry.npmjs.org/replacemedaniel
10 silly registry.get cb [ 404,
10 silly registry.get   { server: 'nginx/1.4.2',
10 silly registry.get     'content-type': 'application/json',
10 silly registry.get     'accept-ranges': 'bytes',
10 silly registry.get     via: '1.1 varnish',
10 silly registry.get     age: '0',
10 silly registry.get     'cache-control': 'max-age=0',
10 silly registry.get     'content-length': '52',
10 silly registry.get     date: 'Fri, 14 Feb 2014 17:08:29 GMT',
10 silly registry.get     connection: 'keep-alive',
10 silly registry.get     'x-served-by': 'cache-v36-ASH, cache-at51-ATL',
10 silly registry.get     'x-cache': 'MISS, MISS',
10 silly registry.get     'x-cache-hits': '0, 0',
10 silly registry.get     'x-timer': 'S1392397709.586824417,VS0,VS7,VE91,VE98' } ]
11 error owner ls Couldn't get owner data replacemedaniel
12 error 404 'replacemedaniel' is not in the npm registry.
12 error 404 You should bug the author to publish it
12 error 404
12 error 404 Note that you can also install from a
12 error 404 tarball, folder, or http url, or git url.
13 error System Linux 3.5.0-17-generic
14 error command "/usr/local/bin/node" "/usr/local/bin/npm" "owner" "ls" "replacemedaniel"
15 error cwd /mnt/hgfs/Development/replacemedaniel
16 error node -v v0.10.25
17 error npm -v 1.3.24
18 error code E404
19 verbose exit [ 1, true ]
